[ INFO] [2016-11-21 16:41:05 676] [main] (XmlBeanDefinitionReader.java:316) Loading XML bean definitions from class path resource [spring-mybatis.xml]
[ INFO] [2016-11-21 16:41:05 955] [main] (AbstractApplicationContext.java:513) Refreshing org.springframework.context.support.GenericApplicationContext@6fb554cc: startup date [Mon Nov 21 16:41:05 CST 2016]; root of context hierarchy
[ INFO] [2016-11-21 16:41:06 231] [main] (PropertiesLoaderSupport.java:172) Loading properties file from class path resource [jdbc.properties]
[ INFO] [2016-11-21 16:41:06 239] [main] (AutowiredAnnotationBeanPostProcessor.java:141) JSR-330 'javax.inject.Inject' annotation found and supported for autowiring
[ERROR] [2016-11-21 16:41:06 890] [main] (TestContextManager.java:322) Caught exception while allowing TestExecutionListener [org.springframework.test.context.support.DependencyInjectionTestExecutionListener@1757cd72] to prepare test instance [com.lh.ssm.SSMTest@445b295b]
org.springframework.beans.factory.BeanCreationException: Error creating bean with name 'com.lh.ssm.SSMTest': Injection of autowired dependencies failed; nested exception is org.springframework.beans.factory.BeanCreationException: Could not autowire field: private com.lh.ssm.service.IPersonService com.lh.ssm.SSMTest.personService; nested exception is org.springframework.beans.factory.NoSuchBeanDefinitionException: No qualifying bean of type [com.lh.ssm.service.IPersonService] found for dependency: expected at least 1 bean which qualifies as autowire candidate for this dependency. Dependency annotations: {@org.springframework.beans.factory.annotation.Autowired(required=true)}
	at org.springframework.beans.factory.annotation.AutowiredAnnotationBeanPostProcessor.postProcessPropertyValues(AutowiredAnnotationBeanPostProcessor.java:292)
	at org.springframework.beans.factory.support.AbstractAutowireCapableBeanFactory.populateBean(AbstractAutowireCapableBeanFactory.java:1185)
	at org.springframework.beans.factory.support.AbstractAutowireCapableBeanFactory.autowireBeanProperties(AbstractAutowireCapableBeanFactory.java:384)
	at org.springframework.test.context.support.DependencyInjectionTestExecutionListener.injectDependencies(DependencyInjectionTestExecutionListener.java:110)
	at org.springframework.test.context.support.DependencyInjectionTestExecutionListener.prepareTestInstance(DependencyInjectionTestExecutionListener.java:75)
	at org.springframework.test.context.TestContextManager.prepareTestInstance(TestContextManager.java:319)
	at org.springframework.test.context.junit4.SpringJUnit4ClassRunner.createTest(SpringJUnit4ClassRunner.java:212)
	at org.springframework.test.context.junit4.SpringJUnit4ClassRunner$1.runReflectiveCall(SpringJUnit4ClassRunner.java:289)
	at org.junit.internal.runners.model.ReflectiveCallable.run(ReflectiveCallable.java:12)
	at org.springframework.test.context.junit4.SpringJUnit4ClassRunner.methodBlock(SpringJUnit4ClassRunner.java:291)
	at org.springframework.test.context.junit4.SpringJUnit4ClassRunner.runChild(SpringJUnit4ClassRunner.java:232)
	at org.springframework.test.context.junit4.SpringJUnit4ClassRunner.runChild(SpringJUnit4ClassRunner.java:89)
	at org.junit.runners.ParentRunner$3.run(ParentRunner.java:238)
	at org.junit.runners.ParentRunner$1.schedule(ParentRunner.java:63)
	at org.junit.runners.ParentRunner.runChildren(ParentRunner.java:236)
	at org.junit.runners.ParentRunner.access$000(ParentRunner.java:53)
	at org.junit.runners.ParentRunner$2.evaluate(ParentRunner.java:229)
	at org.springframework.test.context.junit4.statements.RunBeforeTestClassCallbacks.evaluate(RunBeforeTestClassCallbacks.java:61)
	at org.springframework.test.context.junit4.statements.RunAfterTestClassCallbacks.evaluate(RunAfterTestClassCallbacks.java:71)
	at org.junit.runners.ParentRunner.run(ParentRunner.java:309)
	at org.springframework.test.context.junit4.SpringJUnit4ClassRunner.run(SpringJUnit4ClassRunner.java:175)
	at org.eclipse.jdt.internal.junit4.runner.JUnit4TestReference.run(JUnit4TestReference.java:86)
	at org.eclipse.jdt.internal.junit.runner.TestExecution.run(TestExecution.java:38)
	at org.eclipse.jdt.internal.junit.runner.RemoteTestRunner.runTests(RemoteTestRunner.java:459)
	at org.eclipse.jdt.internal.junit.runner.RemoteTestRunner.runTests(RemoteTestRunner.java:675)
	at org.eclipse.jdt.internal.junit.runner.RemoteTestRunner.run(RemoteTestRunner.java:382)
	at org.eclipse.jdt.internal.junit.runner.RemoteTestRunner.main(RemoteTestRunner.java:192)
Caused by: org.springframework.beans.factory.BeanCreationException: Could not autowire field: private com.lh.ssm.service.IPersonService com.lh.ssm.SSMTest.personService; nested exception is org.springframework.beans.factory.NoSuchBeanDefinitionException: No qualifying bean of type [com.lh.ssm.service.IPersonService] found for dependency: expected at least 1 bean which qualifies as autowire candidate for this dependency. Dependency annotations: {@org.springframework.beans.factory.annotation.Autowired(required=true)}
	at org.springframework.beans.factory.annotation.AutowiredAnnotationBeanPostProcessor$AutowiredFieldElement.inject(AutowiredAnnotationBeanPostProcessor.java:508)
	at org.springframework.beans.factory.annotation.InjectionMetadata.inject(InjectionMetadata.java:87)
	at org.springframework.beans.factory.annotation.AutowiredAnnotationBeanPostProcessor.postProcessPropertyValues(AutowiredAnnotationBeanPostProcessor.java:289)
	... 26 more
Caused by: org.springframework.beans.factory.NoSuchBeanDefinitionException: No qualifying bean of type [com.lh.ssm.service.IPersonService] found for dependency: expected at least 1 bean which qualifies as autowire candidate for this dependency. Dependency annotations: {@org.springframework.beans.factory.annotation.Autowired(required=true)}
	at org.springframework.beans.factory.support.DefaultListableBeanFactory.raiseNoSuchBeanDefinitionException(DefaultListableBeanFactory.java:1100)
	at org.springframework.beans.factory.support.DefaultListableBeanFactory.doResolveDependency(DefaultListableBeanFactory.java:960)
	at org.springframework.beans.factory.support.DefaultListableBeanFactory.resolveDependency(DefaultListableBeanFactory.java:855)
	at org.springframework.beans.factory.annotation.AutowiredAnnotationBeanPostProcessor$AutowiredFieldElement.inject(AutowiredAnnotationBeanPostProcessor.java:480)
	... 28 more
[ INFO] [2016-11-21 16:41:06 930] [Thread-0] (AbstractApplicationContext.java:873) Closing org.springframework.context.support.GenericApplicationContext@6fb554cc: startup date [Mon Nov 21 16:41:05 CST 2016]; root of context hierarchy
[ INFO] [2016-11-21 17:21:16 209] [main] (XmlBeanDefinitionReader.java:316) Loading XML bean definitions from class path resource [spring-mybatis.xml]
[ INFO] [2016-11-21 17:21:16 661] [main] (AbstractApplicationContext.java:513) Refreshing org.springframework.context.support.GenericApplicationContext@6fb554cc: startup date [Mon Nov 21 17:21:16 CST 2016]; root of context hierarchy
[ INFO] [2016-11-21 17:21:17 064] [main] (PropertiesLoaderSupport.java:172) Loading properties file from class path resource [jdbc.properties]
[ INFO] [2016-11-21 17:21:17 076] [main] (AutowiredAnnotationBeanPostProcessor.java:141) JSR-330 'javax.inject.Inject' annotation found and supported for autowiring
[ INFO] [2016-11-21 17:21:18 385] [Thread-0] (AbstractApplicationContext.java:873) Closing org.springframework.context.support.GenericApplicationContext@6fb554cc: startup date [Mon Nov 21 17:21:16 CST 2016]; root of context hierarchy
